<html xmlns:math="http://exslt.org/math" xmlns:testng="http://testng.org">
   <head>
      <title>TestNG Results</title>
      <meta http-equiv="content-type" content="text/html; charset=utf-8"></meta>
      <meta http-equiv="pragma" content="no-cache"></meta>
      <meta http-equiv="cache-control" content="max-age=0"></meta>
      <meta http-equiv="cache-control" content="no-cache"></meta>
      <meta http-equiv="cache-control" content="no-store"></meta>
      <LINK rel="stylesheet" href="style.css"></LINK>
      <script type="text/javascript" src="main.js"></script>
   </head>
   <body>
      <table width="100%" style="font-size: 16px; margin-bottom: 10px;" cellspacing="1">
         <tr>
            <td width="100%">
               Test case
               
               <b>Chrome Browser test on Windows</b>
            </td>
            <td style="background-color: #FFBBBB; padding: 3px 3px 3px 0;" align="center">
               <div style="width: 50px;">1</div>
            </td>
            <td style="background-color: lightgreen; padding: 3px 3px 3px 0;" align="center">
               <div style="width: 50px;">2</div>
            </td>
            <td style="background-color: #FFFFBB; padding: 3px 3px 3px 0;" align="center">
               <div style="width: 50px;">1</div>
            </td>
            <td align="center" style="background-color: #eaf0f7; padding: 3px 3px 3px 0;">
               <div style="width: 50px;">4</div>
            </td>
            <td align="center"
                style="font-weight: bold; background-color: #eaf0f7; padding: 3px 3px 3px 0;">
               <div style="width: 50px;">50%</div>
            </td>
            <td style="background-color: #eaf0f7; padding: 3px 3px 3px 0;" align="center"
                nowrap="true">39s
               
            </td>
         </tr>
      </table>
      <div style="width: 200px;">
         <label for="groupMethodsCheckBox" style="font-weight: bold; margin: 0;">
            <input id="groupMethodsCheckBox" type="checkbox" onclick="switchTestMethodsView(this)"></input>
            Group by class
            
         </label>
         <br></br>
         <label for="methodsFilter_ALL" style="font-weight: bold; margin: 0;">
            <input id="methodsFilter_ALL" type="checkbox"
                   onclick="testMethodsFilterChanged(this, 'ALL')"></input>
            All
            
         </label>
      </div>
      <label for="methodsFilter_FAIL" style="margin-left: 20px;">
         <input id="methodsFilter_FAIL" type="checkbox"
                onclick="testMethodsFilterChanged(this, 'FAIL')"
                checked=""></input>
         Failed
         
      </label>
      <label for="methodsFilter_PASS">
         <input id="methodsFilter_PASS" type="checkbox"
                onclick="testMethodsFilterChanged(this, 'PASS')"
                checked=""></input>
         Passed
         
      </label>
      <label for="methodsFilter_SKIP">
         <input id="methodsFilter_SKIP" type="checkbox"
                onclick="testMethodsFilterChanged(this, 'SKIP')"
                checked=""></input>
         Skipped
         
      </label>
      <label for="methodsFilter_CONF">
         <input id="methodsFilter_CONF" type="checkbox"
                onclick="testMethodsFilterChanged(this, 'CONF')"></input>
         Config
         
      </label>
      <br></br>
      <div id="testMethodsByStatus">
         <table class="testMethodsTable" cellpadding="0" cellspacing="0">
            <tr class="methodsTableHeader">
               <td width="100%">Name</td>
               <td nowrap="true">Started</td>
               <td nowrap="true">Duration</td>
               <td>Exception</td>
            </tr>
            <tr id="e2eTest.FailTheTest_FAIL_The_Test_byStatus_failed_FAIL1_row"
                class="testMethodStatusFAIL">
               <td width="100%" class="firstMethodCell">
                  <a onclick="toggleDetailsVisibility('e2eTest.FailTheTest_FAIL_The_Test_byStatus_failed_FAIL1_details')">FAIL_The_Test()</a>
               </td>
               <td nowrap="true">11:41:34</td>
               <td nowrap="true" align="right">1s
                  
               </td>
               <td nowrap="true">
                  <a onclick="toggleDetailsVisibility('e2eTest.FailTheTest_FAIL_The_Test_byStatus_failed_FAIL1_exception')">java.lang.AssertionError: 
                     expected [facebook] but found [Facebook - Log In or Sign Up]
                     
                  </a>
                   
                  
               </td>
            </tr>
            <tr>
               <td colspan="4" class="detailsBox">
                  <div id="e2eTest.FailTheTest_FAIL_The_Test_byStatus_failed_FAIL1_details"
                       class="testMethodDetails">
                     <div>
                        <b>Name: </b>FAIL_The_Test
                     </div>
                     <div>
                        <b>Signature: </b>FAIL_The_Test()[pri:0, instance:e2eTest.FailTheTest@4b5a5ed1]
                     </div>
                     <div>
                        <b>Start time: </b>11:41:34
                     </div>
                     <div>
                        <b>End time: </b>11:41:35
                     </div>
                     <div>
                        <b>Duration: </b>1s
                        
                     </div>
                  </div>
               </td>
            </tr>
            <tr>
               <td colspan="4" class="detailsBox">
                  <div id="e2eTest.FailTheTest_FAIL_The_Test_byStatus_failed_FAIL1_exception"
                       class="testMethodDetails">
                     <pre style="padding: 5px; margin: 0;">java.lang.AssertionError: expected [facebook] but found [Facebook - Log In or Sign Up]
                        	at org.testng.Assert.fail(Assert.java:94)
                        	at org.testng.Assert.failNotEquals(Assert.java:513)
                        	at org.testng.Assert.assertEqualsImpl(Assert.java:135)
                        	at org.testng.Assert.assertEquals(Assert.java:116)
                        	at org.testng.Assert.assertEquals(Assert.java:190)
                        	at org.testng.Assert.assertEquals(Assert.java:200)
                        	at e2eTest.FailTheTest.FAIL_The_Test(FailTheTest.java:30)
                        	at sun.reflect.NativeMethodAccessorImpl.invoke0(Native Method)
                        	at sun.reflect.NativeMethodAccessorImpl.invoke(NativeMethodAccessorImpl.java:62)
                        	at sun.reflect.DelegatingMethodAccessorImpl.invoke(DelegatingMethodAccessorImpl.java:43)
                        	at java.lang.reflect.Method.invoke(Method.java:498)
                        	at org.testng.internal.MethodInvocationHelper.invokeMethod(MethodInvocationHelper.java:86)
                        	at org.testng.internal.Invoker.invokeMethod(Invoker.java:643)
                        	at org.testng.internal.Invoker.invokeTestMethod(Invoker.java:820)
                        	at org.testng.internal.Invoker.invokeTestMethods(Invoker.java:1128)
                        	at org.testng.internal.TestMethodWorker.invokeTestMethods(TestMethodWorker.java:129)
                        	at org.testng.internal.TestMethodWorker.run(TestMethodWorker.java:112)
                        	at org.testng.TestRunner.privateRun(TestRunner.java:782)
                        	at org.testng.TestRunner.run(TestRunner.java:632)
                        	at org.testng.SuiteRunner.runTest(SuiteRunner.java:366)
                        	at org.testng.SuiteRunner.runSequentially(SuiteRunner.java:361)
                        	at org.testng.SuiteRunner.privateRun(SuiteRunner.java:319)
                        	at org.testng.SuiteRunner.run(SuiteRunner.java:268)
                        	at org.testng.SuiteRunnerWorker.runSuite(SuiteRunnerWorker.java:52)
                        	at org.testng.SuiteRunnerWorker.run(SuiteRunnerWorker.java:86)
                        	at org.testng.TestNG.runSuitesSequentially(TestNG.java:1244)
                        	at org.testng.TestNG.runSuitesLocally(TestNG.java:1169)
                        	at org.testng.TestNG.run(TestNG.java:1064)
                        	at org.testng.TestNG.privateMain(TestNG.java:1385)
                        	at org.testng.TestNG.main(TestNG.java:1354)
                     </pre>
                  </div>
               </td>
            </tr>
            <tr id="e2eTest.TitleTest_PASS_setUp_byStatus_passed_PASS1_row"
                class="testMethodStatusPASS testMethodStatusCONF">
               <td width="100%" class="firstMethodCell">
                  <a onclick="toggleDetailsVisibility('e2eTest.TitleTest_PASS_setUp_byStatus_passed_PASS1_details')">setUp(Ch
                     
                     ,
                     
                     Windows
                     
                     ,
                     
                     public void e2eTest.TitleTest_PASS.This_title_Test())
                  </a>
               </td>
               <td nowrap="true">11:41:55</td>
               <td nowrap="true" align="right">7s
                  
               </td>
               <td nowrap="true">
                   
                  
               </td>
            </tr>
            <tr>
               <td colspan="4" class="detailsBox">
                  <div id="e2eTest.TitleTest_PASS_setUp_byStatus_passed_PASS1_details"
                       class="testMethodDetails">
                     <div>
                        <b>Name: </b>setUp
                     </div>
                     <div>
                        <b>Signature: </b>setUp(java.lang.String, java.lang.String, java.lang.reflect.Method)[pri:0, instance:e2eTest.TitleTest_PASS@20d28811]
                     </div>
                     <div>
                        <b>Parameters: </b>
                        
                        Ch
                        
                        ,
                        
                        Windows
                        
                        ,
                        
                        public void e2eTest.TitleTest_PASS.This_title_Test()
                        
                        
                     </div>
                     <div>
                        <b>Start time: </b>11:41:55
                     </div>
                     <div>
                        <b>End time: </b>11:42:02
                     </div>
                     <div>
                        <b>Duration: </b>7s
                        
                     </div>
                  </div>
               </td>
            </tr>
            <tr></tr>
            <tr id="e2eTest.TitleTest_PASS_This_title_Test_byStatus_passed_PASS2_row"
                class="testMethodStatusPASS">
               <td width="100%" class="firstMethodCell">
                  <a onclick="toggleDetailsVisibility('e2eTest.TitleTest_PASS_This_title_Test_byStatus_passed_PASS2_details')">This_title_Test()</a>
               </td>
               <td nowrap="true">11:42:02</td>
               <td nowrap="true" align="right">17 ms
                  
               </td>
               <td nowrap="true">
                   
                  
               </td>
            </tr>
            <tr>
               <td colspan="4" class="detailsBox">
                  <div id="e2eTest.TitleTest_PASS_This_title_Test_byStatus_passed_PASS2_details"
                       class="testMethodDetails">
                     <div>
                        <b>Name: </b>This_title_Test
                     </div>
                     <div>
                        <b>Signature: </b>This_title_Test()[pri:0, instance:e2eTest.TitleTest_PASS@20d28811]
                     </div>
                     <div>
                        <b>Start time: </b>11:42:02
                     </div>
                     <div>
                        <b>End time: </b>11:42:02
                     </div>
                     <div>
                        <b>Duration: </b>17 ms
                        
                     </div>
                  </div>
               </td>
            </tr>
            <tr></tr>
            <tr id="e2eTest.TitleTest_PASS_closeBrowser_byStatus_passed_PASS3_row"
                class="testMethodStatusPASS testMethodStatusCONF">
               <td width="100%" class="firstMethodCell">
                  <a onclick="toggleDetailsVisibility('e2eTest.TitleTest_PASS_closeBrowser_byStatus_passed_PASS3_details')">closeBrowser(public void e2eTest.TitleTest_PASS.This_title_Test())</a>
               </td>
               <td nowrap="true">11:42:02</td>
               <td nowrap="true" align="right">2s
                  
               </td>
               <td nowrap="true">
                   
                  
               </td>
            </tr>
            <tr>
               <td colspan="4" class="detailsBox">
                  <div id="e2eTest.TitleTest_PASS_closeBrowser_byStatus_passed_PASS3_details"
                       class="testMethodDetails">
                     <div>
                        <b>Name: </b>closeBrowser
                     </div>
                     <div>
                        <b>Signature: </b>closeBrowser(java.lang.reflect.Method)[pri:0, instance:e2eTest.TitleTest_PASS@20d28811]
                     </div>
                     <div>
                        <b>Parameters: </b>
                        
                        public void e2eTest.TitleTest_PASS.This_title_Test()
                        
                        
                     </div>
                     <div>
                        <b>Start time: </b>11:42:02
                     </div>
                     <div>
                        <b>End time: </b>11:42:04
                     </div>
                     <div>
                        <b>Duration: </b>2s
                        
                     </div>
                  </div>
               </td>
            </tr>
            <tr></tr>
            <tr id="e2eTest.FailTheTest_suiteStart_byStatus_passed_PASS4_row"
                class="testMethodStatusPASS testMethodStatusCONF">
               <td width="100%" class="firstMethodCell">
                  <a onclick="toggleDetailsVisibility('e2eTest.FailTheTest_suiteStart_byStatus_passed_PASS4_details')">suiteStart()</a>
               </td>
               <td nowrap="true">11:41:25</td>
               <td nowrap="true" align="right">37 ms
                  
               </td>
               <td nowrap="true">
                   
                  
               </td>
            </tr>
            <tr>
               <td colspan="4" class="detailsBox">
                  <div id="e2eTest.FailTheTest_suiteStart_byStatus_passed_PASS4_details"
                       class="testMethodDetails">
                     <div>
                        <b>Name: </b>suiteStart
                     </div>
                     <div>
                        <b>Signature: </b>suiteStart()[pri:0, instance:e2eTest.FailTheTest@4b5a5ed1]
                     </div>
                     <div>
                        <b>Start time: </b>11:41:25
                     </div>
                     <div>
                        <b>End time: </b>11:41:25
                     </div>
                     <div>
                        <b>Duration: </b>37 ms
                        
                     </div>
                  </div>
               </td>
            </tr>
            <tr></tr>
            <tr id="e2eTest.FailTheTest_setUp_byStatus_passed_PASS5_row"
                class="testMethodStatusPASS testMethodStatusCONF">
               <td width="100%" class="firstMethodCell">
                  <a onclick="toggleDetailsVisibility('e2eTest.FailTheTest_setUp_byStatus_passed_PASS5_details')">setUp(Ch
                     
                     ,
                     
                     Windows
                     
                     ,
                     
                     public void e2eTest.FailTheTest.FAIL_The_Test())
                  </a>
               </td>
               <td nowrap="true">11:41:25</td>
               <td nowrap="true" align="right">9s
                  
               </td>
               <td nowrap="true">
                   
                  
               </td>
            </tr>
            <tr>
               <td colspan="4" class="detailsBox">
                  <div id="e2eTest.FailTheTest_setUp_byStatus_passed_PASS5_details"
                       class="testMethodDetails">
                     <div>
                        <b>Name: </b>setUp
                     </div>
                     <div>
                        <b>Signature: </b>setUp(java.lang.String, java.lang.String, java.lang.reflect.Method)[pri:0, instance:e2eTest.FailTheTest@4b5a5ed1]
                     </div>
                     <div>
                        <b>Parameters: </b>
                        
                        Ch
                        
                        ,
                        
                        Windows
                        
                        ,
                        
                        public void e2eTest.FailTheTest.FAIL_The_Test()
                        
                        
                     </div>
                     <div>
                        <b>Start time: </b>11:41:25
                     </div>
                     <div>
                        <b>End time: </b>11:41:34
                     </div>
                     <div>
                        <b>Duration: </b>9s
                        
                     </div>
                  </div>
               </td>
            </tr>
            <tr></tr>
            <tr id="e2eTest.FailTheTest_closeBrowser_byStatus_passed_PASS6_row"
                class="testMethodStatusPASS testMethodStatusCONF">
               <td width="100%" class="firstMethodCell">
                  <a onclick="toggleDetailsVisibility('e2eTest.FailTheTest_closeBrowser_byStatus_passed_PASS6_details')">closeBrowser(public void e2eTest.FailTheTest.FAIL_The_Test())</a>
               </td>
               <td nowrap="true">11:41:35</td>
               <td nowrap="true" align="right">530 ms
                  
               </td>
               <td nowrap="true">
                   
                  
               </td>
            </tr>
            <tr>
               <td colspan="4" class="detailsBox">
                  <div id="e2eTest.FailTheTest_closeBrowser_byStatus_passed_PASS6_details"
                       class="testMethodDetails">
                     <div>
                        <b>Name: </b>closeBrowser
                     </div>
                     <div>
                        <b>Signature: </b>closeBrowser(java.lang.reflect.Method)[pri:0, instance:e2eTest.FailTheTest@4b5a5ed1]
                     </div>
                     <div>
                        <b>Parameters: </b>
                        
                        public void e2eTest.FailTheTest.FAIL_The_Test()
                        
                        
                     </div>
                     <div>
                        <b>Start time: </b>11:41:35
                     </div>
                     <div>
                        <b>End time: </b>11:41:36
                     </div>
                     <div>
                        <b>Duration: </b>530 ms
                        
                     </div>
                  </div>
               </td>
            </tr>
            <tr></tr>
            <tr id="e2eTest.FailTheTest_tearDown_byStatus_passed_PASS7_row"
                class="testMethodStatusPASS testMethodStatusCONF">
               <td width="100%" class="firstMethodCell">
                  <a onclick="toggleDetailsVisibility('e2eTest.FailTheTest_tearDown_byStatus_passed_PASS7_details')">tearDown()</a>
               </td>
               <td nowrap="true">11:42:04</td>
               <td nowrap="true" align="right">532 ms
                  
               </td>
               <td nowrap="true">
                   
                  
               </td>
            </tr>
            <tr>
               <td colspan="4" class="detailsBox">
                  <div id="e2eTest.FailTheTest_tearDown_byStatus_passed_PASS7_details"
                       class="testMethodDetails">
                     <div>
                        <b>Name: </b>tearDown
                     </div>
                     <div>
                        <b>Signature: </b>tearDown()[pri:0, instance:e2eTest.FailTheTest@4b5a5ed1]
                     </div>
                     <div>
                        <b>Start time: </b>11:42:04
                     </div>
                     <div>
                        <b>End time: </b>11:42:05
                     </div>
                     <div>
                        <b>Duration: </b>532 ms
                        
                     </div>
                  </div>
               </td>
            </tr>
            <tr></tr>
            <tr id="e2eTest.SkipTheTest_setUp_byStatus_passed_PASS8_row"
                class="testMethodStatusPASS testMethodStatusCONF">
               <td width="100%" class="firstMethodCell">
                  <a onclick="toggleDetailsVisibility('e2eTest.SkipTheTest_setUp_byStatus_passed_PASS8_details')">setUp(Ch
                     
                     ,
                     
                     Windows
                     
                     ,
                     
                     public void e2eTest.SkipTheTest.SKIP_This_Test())
                  </a>
               </td>
               <td nowrap="true">11:41:46</td>
               <td nowrap="true" align="right">7s
                  
               </td>
               <td nowrap="true">
                   
                  
               </td>
            </tr>
            <tr>
               <td colspan="4" class="detailsBox">
                  <div id="e2eTest.SkipTheTest_setUp_byStatus_passed_PASS8_details"
                       class="testMethodDetails">
                     <div>
                        <b>Name: </b>setUp
                     </div>
                     <div>
                        <b>Signature: </b>setUp(java.lang.String, java.lang.String, java.lang.reflect.Method)[pri:0, instance:e2eTest.SkipTheTest@3cc2931c]
                     </div>
                     <div>
                        <b>Parameters: </b>
                        
                        Ch
                        
                        ,
                        
                        Windows
                        
                        ,
                        
                        public void e2eTest.SkipTheTest.SKIP_This_Test()
                        
                        
                     </div>
                     <div>
                        <b>Start time: </b>11:41:46
                     </div>
                     <div>
                        <b>End time: </b>11:41:53
                     </div>
                     <div>
                        <b>Duration: </b>7s
                        
                     </div>
                  </div>
               </td>
            </tr>
            <tr></tr>
            <tr id="e2eTest.SkipTheTest_closeBrowser_byStatus_passed_PASS9_row"
                class="testMethodStatusPASS testMethodStatusCONF">
               <td width="100%" class="firstMethodCell">
                  <a onclick="toggleDetailsVisibility('e2eTest.SkipTheTest_closeBrowser_byStatus_passed_PASS9_details')">closeBrowser(public void e2eTest.SkipTheTest.SKIP_This_Test())</a>
               </td>
               <td nowrap="true">11:41:53</td>
               <td nowrap="true" align="right">2s
                  
               </td>
               <td nowrap="true">
                   
                  
               </td>
            </tr>
            <tr>
               <td colspan="4" class="detailsBox">
                  <div id="e2eTest.SkipTheTest_closeBrowser_byStatus_passed_PASS9_details"
                       class="testMethodDetails">
                     <div>
                        <b>Name: </b>closeBrowser
                     </div>
                     <div>
                        <b>Signature: </b>closeBrowser(java.lang.reflect.Method)[pri:0, instance:e2eTest.SkipTheTest@3cc2931c]
                     </div>
                     <div>
                        <b>Parameters: </b>
                        
                        public void e2eTest.SkipTheTest.SKIP_This_Test()
                        
                        
                     </div>
                     <div>
                        <b>Start time: </b>11:41:53
                     </div>
                     <div>
                        <b>End time: </b>11:41:55
                     </div>
                     <div>
                        <b>Duration: </b>2s
                        
                     </div>
                  </div>
               </td>
            </tr>
            <tr></tr>
            <tr id="e2eTest.PassTheTest_setUp_byStatus_passed_PASS10_row"
                class="testMethodStatusPASS testMethodStatusCONF">
               <td width="100%" class="firstMethodCell">
                  <a onclick="toggleDetailsVisibility('e2eTest.PassTheTest_setUp_byStatus_passed_PASS10_details')">setUp(Ch
                     
                     ,
                     
                     Windows
                     
                     ,
                     
                     public void e2eTest.PassTheTest.PASS_The_Test())
                  </a>
               </td>
               <td nowrap="true">11:41:36</td>
               <td nowrap="true" align="right">7s
                  
               </td>
               <td nowrap="true">
                   
                  
               </td>
            </tr>
            <tr>
               <td colspan="4" class="detailsBox">
                  <div id="e2eTest.PassTheTest_setUp_byStatus_passed_PASS10_details"
                       class="testMethodDetails">
                     <div>
                        <b>Name: </b>setUp
                     </div>
                     <div>
                        <b>Signature: </b>setUp(java.lang.String, java.lang.String, java.lang.reflect.Method)[pri:0, instance:e2eTest.PassTheTest@59d016c9]
                     </div>
                     <div>
                        <b>Parameters: </b>
                        
                        Ch
                        
                        ,
                        
                        Windows
                        
                        ,
                        
                        public void e2eTest.PassTheTest.PASS_The_Test()
                        
                        
                     </div>
                     <div>
                        <b>Start time: </b>11:41:36
                     </div>
                     <div>
                        <b>End time: </b>11:41:43
                     </div>
                     <div>
                        <b>Duration: </b>7s
                        
                     </div>
                  </div>
               </td>
            </tr>
            <tr></tr>
            <tr id="e2eTest.PassTheTest_PASS_The_Test_byStatus_passed_PASS11_row"
                class="testMethodStatusPASS">
               <td width="100%" class="firstMethodCell">
                  <a onclick="toggleDetailsVisibility('e2eTest.PassTheTest_PASS_The_Test_byStatus_passed_PASS11_details')">PASS_The_Test()</a>
               </td>
               <td nowrap="true">11:41:43</td>
               <td nowrap="true" align="right">1s
                  
               </td>
               <td nowrap="true">
                   
                  
               </td>
            </tr>
            <tr>
               <td colspan="4" class="detailsBox">
                  <div id="e2eTest.PassTheTest_PASS_The_Test_byStatus_passed_PASS11_details"
                       class="testMethodDetails">
                     <div>
                        <b>Name: </b>PASS_The_Test
                     </div>
                     <div>
                        <b>Signature: </b>PASS_The_Test()[pri:0, instance:e2eTest.PassTheTest@59d016c9]
                     </div>
                     <div>
                        <b>Start time: </b>11:41:43
                     </div>
                     <div>
                        <b>End time: </b>11:41:44
                     </div>
                     <div>
                        <b>Duration: </b>1s
                        
                     </div>
                  </div>
               </td>
            </tr>
            <tr></tr>
            <tr id="e2eTest.PassTheTest_closeBrowser_byStatus_passed_PASS12_row"
                class="testMethodStatusPASS testMethodStatusCONF">
               <td width="100%" class="firstMethodCell">
                  <a onclick="toggleDetailsVisibility('e2eTest.PassTheTest_closeBrowser_byStatus_passed_PASS12_details')">closeBrowser(public void e2eTest.PassTheTest.PASS_The_Test())</a>
               </td>
               <td nowrap="true">11:41:44</td>
               <td nowrap="true" align="right">2s
                  
               </td>
               <td nowrap="true">
                   
                  
               </td>
            </tr>
            <tr>
               <td colspan="4" class="detailsBox">
                  <div id="e2eTest.PassTheTest_closeBrowser_byStatus_passed_PASS12_details"
                       class="testMethodDetails">
                     <div>
                        <b>Name: </b>closeBrowser
                     </div>
                     <div>
                        <b>Signature: </b>closeBrowser(java.lang.reflect.Method)[pri:0, instance:e2eTest.PassTheTest@59d016c9]
                     </div>
                     <div>
                        <b>Parameters: </b>
                        
                        public void e2eTest.PassTheTest.PASS_The_Test()
                        
                        
                     </div>
                     <div>
                        <b>Start time: </b>11:41:44
                     </div>
                     <div>
                        <b>End time: </b>11:41:46
                     </div>
                     <div>
                        <b>Duration: </b>2s
                        
                     </div>
                  </div>
               </td>
            </tr>
            <tr></tr>
            <tr id="e2eTest.SkipTheTest_SKIP_This_Test_byStatus_skiped_SKIP1_row"
                class="testMethodStatusSKIP">
               <td width="100%" class="firstMethodCell">
                  <a onclick="toggleDetailsVisibility('e2eTest.SkipTheTest_SKIP_This_Test_byStatus_skiped_SKIP1_details')">SKIP_This_Test()</a>
               </td>
               <td nowrap="true">11:41:53</td>
               <td nowrap="true" align="right">1 ms
                  
               </td>
               <td nowrap="true">
                  <a onclick="toggleDetailsVisibility('e2eTest.SkipTheTest_SKIP_This_Test_byStatus_skiped_SKIP1_exception')">org.testng.SkipException: 
                     Skipping because this test is no longer needed!!
                     
                  </a>
                   
                  
               </td>
            </tr>
            <tr>
               <td colspan="4" class="detailsBox">
                  <div id="e2eTest.SkipTheTest_SKIP_This_Test_byStatus_skiped_SKIP1_details"
                       class="testMethodDetails">
                     <div>
                        <b>Name: </b>SKIP_This_Test
                     </div>
                     <div>
                        <b>Signature: </b>SKIP_This_Test()[pri:0, instance:e2eTest.SkipTheTest@3cc2931c]
                     </div>
                     <div>
                        <b>Start time: </b>11:41:53
                     </div>
                     <div>
                        <b>End time: </b>11:41:53
                     </div>
                     <div>
                        <b>Duration: </b>1 ms
                        
                     </div>
                  </div>
               </td>
            </tr>
            <tr>
               <td colspan="4" class="detailsBox">
                  <div id="e2eTest.SkipTheTest_SKIP_This_Test_byStatus_skiped_SKIP1_exception"
                       class="testMethodDetails">
                     <pre style="padding: 5px; margin: 0;">org.testng.SkipException: Skipping because this test is no longer needed!!
                        	at e2eTest.SkipTheTest.SKIP_This_Test(SkipTheTest.java:17)
                        	at sun.reflect.NativeMethodAccessorImpl.invoke0(Native Method)
                        	at sun.reflect.NativeMethodAccessorImpl.invoke(NativeMethodAccessorImpl.java:62)
                        	at sun.reflect.DelegatingMethodAccessorImpl.invoke(DelegatingMethodAccessorImpl.java:43)
                        	at java.lang.reflect.Method.invoke(Method.java:498)
                        	at org.testng.internal.MethodInvocationHelper.invokeMethod(MethodInvocationHelper.java:86)
                        	at org.testng.internal.Invoker.invokeMethod(Invoker.java:643)
                        	at org.testng.internal.Invoker.invokeTestMethod(Invoker.java:820)
                        	at org.testng.internal.Invoker.invokeTestMethods(Invoker.java:1128)
                        	at org.testng.internal.TestMethodWorker.invokeTestMethods(TestMethodWorker.java:129)
                        	at org.testng.internal.TestMethodWorker.run(TestMethodWorker.java:112)
                        	at org.testng.TestRunner.privateRun(TestRunner.java:782)
                        	at org.testng.TestRunner.run(TestRunner.java:632)
                        	at org.testng.SuiteRunner.runTest(SuiteRunner.java:366)
                        	at org.testng.SuiteRunner.runSequentially(SuiteRunner.java:361)
                        	at org.testng.SuiteRunner.privateRun(SuiteRunner.java:319)
                        	at org.testng.SuiteRunner.run(SuiteRunner.java:268)
                        	at org.testng.SuiteRunnerWorker.runSuite(SuiteRunnerWorker.java:52)
                        	at org.testng.SuiteRunnerWorker.run(SuiteRunnerWorker.java:86)
                        	at org.testng.TestNG.runSuitesSequentially(TestNG.java:1244)
                        	at org.testng.TestNG.runSuitesLocally(TestNG.java:1169)
                        	at org.testng.TestNG.run(TestNG.java:1064)
                        	at org.testng.TestNG.privateMain(TestNG.java:1385)
                        	at org.testng.TestNG.main(TestNG.java:1354)
                     </pre>
                  </div>
               </td>
            </tr>
         </table>
      </div>
      <div id="testMethodsByClass" style="display: none;">
         <table class="testMethodsTable" cellpadding="0" cellspacing="0">
            <tr>
               <td colspan="4">
                  <h3 style="display: inline;">e2eTest.FailTheTest</h3>
               </td>
            </tr>
            <tr class="methodsTableHeader">
               <td width="100%">Name</td>
               <td nowrap="true">Started</td>
               <td nowrap="true">Duration</td>
               <td>Exception</td>
            </tr>
            <tr id="e2eTest.FailTheTest_suiteStart_byClass_PASS1_row"
                class="testMethodStatusPASS testMethodStatusCONF">
               <td width="100%" class="firstMethodCell">
                  <a onclick="toggleDetailsVisibility('e2eTest.FailTheTest_suiteStart_byClass_PASS1_details')">suiteStart()</a>
               </td>
               <td nowrap="true">11:41:25</td>
               <td nowrap="true" align="right">37 ms
                  
               </td>
               <td nowrap="true">
                   
                  
               </td>
            </tr>
            <tr>
               <td colspan="4" class="detailsBox">
                  <div id="e2eTest.FailTheTest_suiteStart_byClass_PASS1_details"
                       class="testMethodDetails">
                     <div>
                        <b>Name: </b>suiteStart
                     </div>
                     <div>
                        <b>Signature: </b>suiteStart()[pri:0, instance:e2eTest.FailTheTest@4b5a5ed1]
                     </div>
                     <div>
                        <b>Start time: </b>11:41:25
                     </div>
                     <div>
                        <b>End time: </b>11:41:25
                     </div>
                     <div>
                        <b>Duration: </b>37 ms
                        
                     </div>
                  </div>
               </td>
            </tr>
            <tr></tr>
            <tr id="e2eTest.FailTheTest_setUp_byClass_PASS2_row"
                class="testMethodStatusPASS testMethodStatusCONF">
               <td width="100%" class="firstMethodCell">
                  <a onclick="toggleDetailsVisibility('e2eTest.FailTheTest_setUp_byClass_PASS2_details')">setUp(Ch
                     
                     ,
                     
                     Windows
                     
                     ,
                     
                     public void e2eTest.FailTheTest.FAIL_The_Test())
                  </a>
               </td>
               <td nowrap="true">11:41:25</td>
               <td nowrap="true" align="right">9s
                  
               </td>
               <td nowrap="true">
                   
                  
               </td>
            </tr>
            <tr>
               <td colspan="4" class="detailsBox">
                  <div id="e2eTest.FailTheTest_setUp_byClass_PASS2_details" class="testMethodDetails">
                     <div>
                        <b>Name: </b>setUp
                     </div>
                     <div>
                        <b>Signature: </b>setUp(java.lang.String, java.lang.String, java.lang.reflect.Method)[pri:0, instance:e2eTest.FailTheTest@4b5a5ed1]
                     </div>
                     <div>
                        <b>Parameters: </b>
                        
                        Ch
                        
                        ,
                        
                        Windows
                        
                        ,
                        
                        public void e2eTest.FailTheTest.FAIL_The_Test()
                        
                        
                     </div>
                     <div>
                        <b>Start time: </b>11:41:25
                     </div>
                     <div>
                        <b>End time: </b>11:41:34
                     </div>
                     <div>
                        <b>Duration: </b>9s
                        
                     </div>
                  </div>
               </td>
            </tr>
            <tr></tr>
            <tr id="e2eTest.FailTheTest_FAIL_The_Test_byClass_FAIL3_row"
                class="testMethodStatusFAIL">
               <td width="100%" class="firstMethodCell">
                  <a onclick="toggleDetailsVisibility('e2eTest.FailTheTest_FAIL_The_Test_byClass_FAIL3_details')">FAIL_The_Test()</a>
               </td>
               <td nowrap="true">11:41:34</td>
               <td nowrap="true" align="right">1s
                  
               </td>
               <td nowrap="true">
                  <a onclick="toggleDetailsVisibility('e2eTest.FailTheTest_FAIL_The_Test_byClass_FAIL3_exception')">java.lang.AssertionError: 
                     expected [facebook] but found [Facebook - Log In or Sign Up]
                     
                  </a>
                   
                  
               </td>
            </tr>
            <tr>
               <td colspan="4" class="detailsBox">
                  <div id="e2eTest.FailTheTest_FAIL_The_Test_byClass_FAIL3_details"
                       class="testMethodDetails">
                     <div>
                        <b>Name: </b>FAIL_The_Test
                     </div>
                     <div>
                        <b>Signature: </b>FAIL_The_Test()[pri:0, instance:e2eTest.FailTheTest@4b5a5ed1]
                     </div>
                     <div>
                        <b>Start time: </b>11:41:34
                     </div>
                     <div>
                        <b>End time: </b>11:41:35
                     </div>
                     <div>
                        <b>Duration: </b>1s
                        
                     </div>
                  </div>
               </td>
            </tr>
            <tr>
               <td colspan="4" class="detailsBox">
                  <div id="e2eTest.FailTheTest_FAIL_The_Test_byClass_FAIL3_exception"
                       class="testMethodDetails">
                     <pre style="padding: 5px; margin: 0;">java.lang.AssertionError: expected [facebook] but found [Facebook - Log In or Sign Up]
                        	at org.testng.Assert.fail(Assert.java:94)
                        	at org.testng.Assert.failNotEquals(Assert.java:513)
                        	at org.testng.Assert.assertEqualsImpl(Assert.java:135)
                        	at org.testng.Assert.assertEquals(Assert.java:116)
                        	at org.testng.Assert.assertEquals(Assert.java:190)
                        	at org.testng.Assert.assertEquals(Assert.java:200)
                        	at e2eTest.FailTheTest.FAIL_The_Test(FailTheTest.java:30)
                        	at sun.reflect.NativeMethodAccessorImpl.invoke0(Native Method)
                        	at sun.reflect.NativeMethodAccessorImpl.invoke(NativeMethodAccessorImpl.java:62)
                        	at sun.reflect.DelegatingMethodAccessorImpl.invoke(DelegatingMethodAccessorImpl.java:43)
                        	at java.lang.reflect.Method.invoke(Method.java:498)
                        	at org.testng.internal.MethodInvocationHelper.invokeMethod(MethodInvocationHelper.java:86)
                        	at org.testng.internal.Invoker.invokeMethod(Invoker.java:643)
                        	at org.testng.internal.Invoker.invokeTestMethod(Invoker.java:820)
                        	at org.testng.internal.Invoker.invokeTestMethods(Invoker.java:1128)
                        	at org.testng.internal.TestMethodWorker.invokeTestMethods(TestMethodWorker.java:129)
                        	at org.testng.internal.TestMethodWorker.run(TestMethodWorker.java:112)
                        	at org.testng.TestRunner.privateRun(TestRunner.java:782)
                        	at org.testng.TestRunner.run(TestRunner.java:632)
                        	at org.testng.SuiteRunner.runTest(SuiteRunner.java:366)
                        	at org.testng.SuiteRunner.runSequentially(SuiteRunner.java:361)
                        	at org.testng.SuiteRunner.privateRun(SuiteRunner.java:319)
                        	at org.testng.SuiteRunner.run(SuiteRunner.java:268)
                        	at org.testng.SuiteRunnerWorker.runSuite(SuiteRunnerWorker.java:52)
                        	at org.testng.SuiteRunnerWorker.run(SuiteRunnerWorker.java:86)
                        	at org.testng.TestNG.runSuitesSequentially(TestNG.java:1244)
                        	at org.testng.TestNG.runSuitesLocally(TestNG.java:1169)
                        	at org.testng.TestNG.run(TestNG.java:1064)
                        	at org.testng.TestNG.privateMain(TestNG.java:1385)
                        	at org.testng.TestNG.main(TestNG.java:1354)
                     </pre>
                  </div>
               </td>
            </tr>
            <tr id="e2eTest.FailTheTest_closeBrowser_byClass_PASS4_row"
                class="testMethodStatusPASS testMethodStatusCONF">
               <td width="100%" class="firstMethodCell">
                  <a onclick="toggleDetailsVisibility('e2eTest.FailTheTest_closeBrowser_byClass_PASS4_details')">closeBrowser(public void e2eTest.FailTheTest.FAIL_The_Test())</a>
               </td>
               <td nowrap="true">11:41:35</td>
               <td nowrap="true" align="right">530 ms
                  
               </td>
               <td nowrap="true">
                   
                  
               </td>
            </tr>
            <tr>
               <td colspan="4" class="detailsBox">
                  <div id="e2eTest.FailTheTest_closeBrowser_byClass_PASS4_details"
                       class="testMethodDetails">
                     <div>
                        <b>Name: </b>closeBrowser
                     </div>
                     <div>
                        <b>Signature: </b>closeBrowser(java.lang.reflect.Method)[pri:0, instance:e2eTest.FailTheTest@4b5a5ed1]
                     </div>
                     <div>
                        <b>Parameters: </b>
                        
                        public void e2eTest.FailTheTest.FAIL_The_Test()
                        
                        
                     </div>
                     <div>
                        <b>Start time: </b>11:41:35
                     </div>
                     <div>
                        <b>End time: </b>11:41:36
                     </div>
                     <div>
                        <b>Duration: </b>530 ms
                        
                     </div>
                  </div>
               </td>
            </tr>
            <tr></tr>
            <tr id="e2eTest.FailTheTest_tearDown_byClass_PASS5_row"
                class="testMethodStatusPASS testMethodStatusCONF">
               <td width="100%" class="firstMethodCell">
                  <a onclick="toggleDetailsVisibility('e2eTest.FailTheTest_tearDown_byClass_PASS5_details')">tearDown()</a>
               </td>
               <td nowrap="true">11:42:04</td>
               <td nowrap="true" align="right">532 ms
                  
               </td>
               <td nowrap="true">
                   
                  
               </td>
            </tr>
            <tr>
               <td colspan="4" class="detailsBox">
                  <div id="e2eTest.FailTheTest_tearDown_byClass_PASS5_details"
                       class="testMethodDetails">
                     <div>
                        <b>Name: </b>tearDown
                     </div>
                     <div>
                        <b>Signature: </b>tearDown()[pri:0, instance:e2eTest.FailTheTest@4b5a5ed1]
                     </div>
                     <div>
                        <b>Start time: </b>11:42:04
                     </div>
                     <div>
                        <b>End time: </b>11:42:05
                     </div>
                     <div>
                        <b>Duration: </b>532 ms
                        
                     </div>
                  </div>
               </td>
            </tr>
            <tr></tr>
         </table>
         <br></br>
         <table class="testMethodsTable" cellpadding="0" cellspacing="0">
            <tr>
               <td colspan="4">
                  <h3 style="display: inline;">e2eTest.PassTheTest</h3>
               </td>
            </tr>
            <tr class="methodsTableHeader">
               <td width="100%">Name</td>
               <td nowrap="true">Started</td>
               <td nowrap="true">Duration</td>
               <td>Exception</td>
            </tr>
            <tr id="e2eTest.PassTheTest_setUp_byClass_PASS1_row"
                class="testMethodStatusPASS testMethodStatusCONF">
               <td width="100%" class="firstMethodCell">
                  <a onclick="toggleDetailsVisibility('e2eTest.PassTheTest_setUp_byClass_PASS1_details')">setUp(Ch
                     
                     ,
                     
                     Windows
                     
                     ,
                     
                     public void e2eTest.PassTheTest.PASS_The_Test())
                  </a>
               </td>
               <td nowrap="true">11:41:36</td>
               <td nowrap="true" align="right">7s
                  
               </td>
               <td nowrap="true">
                   
                  
               </td>
            </tr>
            <tr>
               <td colspan="4" class="detailsBox">
                  <div id="e2eTest.PassTheTest_setUp_byClass_PASS1_details" class="testMethodDetails">
                     <div>
                        <b>Name: </b>setUp
                     </div>
                     <div>
                        <b>Signature: </b>setUp(java.lang.String, java.lang.String, java.lang.reflect.Method)[pri:0, instance:e2eTest.PassTheTest@59d016c9]
                     </div>
                     <div>
                        <b>Parameters: </b>
                        
                        Ch
                        
                        ,
                        
                        Windows
                        
                        ,
                        
                        public void e2eTest.PassTheTest.PASS_The_Test()
                        
                        
                     </div>
                     <div>
                        <b>Start time: </b>11:41:36
                     </div>
                     <div>
                        <b>End time: </b>11:41:43
                     </div>
                     <div>
                        <b>Duration: </b>7s
                        
                     </div>
                  </div>
               </td>
            </tr>
            <tr></tr>
            <tr id="e2eTest.PassTheTest_PASS_The_Test_byClass_PASS2_row"
                class="testMethodStatusPASS">
               <td width="100%" class="firstMethodCell">
                  <a onclick="toggleDetailsVisibility('e2eTest.PassTheTest_PASS_The_Test_byClass_PASS2_details')">PASS_The_Test()</a>
               </td>
               <td nowrap="true">11:41:43</td>
               <td nowrap="true" align="right">1s
                  
               </td>
               <td nowrap="true">
                   
                  
               </td>
            </tr>
            <tr>
               <td colspan="4" class="detailsBox">
                  <div id="e2eTest.PassTheTest_PASS_The_Test_byClass_PASS2_details"
                       class="testMethodDetails">
                     <div>
                        <b>Name: </b>PASS_The_Test
                     </div>
                     <div>
                        <b>Signature: </b>PASS_The_Test()[pri:0, instance:e2eTest.PassTheTest@59d016c9]
                     </div>
                     <div>
                        <b>Start time: </b>11:41:43
                     </div>
                     <div>
                        <b>End time: </b>11:41:44
                     </div>
                     <div>
                        <b>Duration: </b>1s
                        
                     </div>
                  </div>
               </td>
            </tr>
            <tr></tr>
            <tr id="e2eTest.PassTheTest_closeBrowser_byClass_PASS3_row"
                class="testMethodStatusPASS testMethodStatusCONF">
               <td width="100%" class="firstMethodCell">
                  <a onclick="toggleDetailsVisibility('e2eTest.PassTheTest_closeBrowser_byClass_PASS3_details')">closeBrowser(public void e2eTest.PassTheTest.PASS_The_Test())</a>
               </td>
               <td nowrap="true">11:41:44</td>
               <td nowrap="true" align="right">2s
                  
               </td>
               <td nowrap="true">
                   
                  
               </td>
            </tr>
            <tr>
               <td colspan="4" class="detailsBox">
                  <div id="e2eTest.PassTheTest_closeBrowser_byClass_PASS3_details"
                       class="testMethodDetails">
                     <div>
                        <b>Name: </b>closeBrowser
                     </div>
                     <div>
                        <b>Signature: </b>closeBrowser(java.lang.reflect.Method)[pri:0, instance:e2eTest.PassTheTest@59d016c9]
                     </div>
                     <div>
                        <b>Parameters: </b>
                        
                        public void e2eTest.PassTheTest.PASS_The_Test()
                        
                        
                     </div>
                     <div>
                        <b>Start time: </b>11:41:44
                     </div>
                     <div>
                        <b>End time: </b>11:41:46
                     </div>
                     <div>
                        <b>Duration: </b>2s
                        
                     </div>
                  </div>
               </td>
            </tr>
            <tr></tr>
         </table>
         <br></br>
         <table class="testMethodsTable" cellpadding="0" cellspacing="0">
            <tr>
               <td colspan="4">
                  <h3 style="display: inline;">e2eTest.SkipTheTest</h3>
               </td>
            </tr>
            <tr class="methodsTableHeader">
               <td width="100%">Name</td>
               <td nowrap="true">Started</td>
               <td nowrap="true">Duration</td>
               <td>Exception</td>
            </tr>
            <tr id="e2eTest.SkipTheTest_setUp_byClass_PASS1_row"
                class="testMethodStatusPASS testMethodStatusCONF">
               <td width="100%" class="firstMethodCell">
                  <a onclick="toggleDetailsVisibility('e2eTest.SkipTheTest_setUp_byClass_PASS1_details')">setUp(Ch
                     
                     ,
                     
                     Windows
                     
                     ,
                     
                     public void e2eTest.SkipTheTest.SKIP_This_Test())
                  </a>
               </td>
               <td nowrap="true">11:41:46</td>
               <td nowrap="true" align="right">7s
                  
               </td>
               <td nowrap="true">
                   
                  
               </td>
            </tr>
            <tr>
               <td colspan="4" class="detailsBox">
                  <div id="e2eTest.SkipTheTest_setUp_byClass_PASS1_details" class="testMethodDetails">
                     <div>
                        <b>Name: </b>setUp
                     </div>
                     <div>
                        <b>Signature: </b>setUp(java.lang.String, java.lang.String, java.lang.reflect.Method)[pri:0, instance:e2eTest.SkipTheTest@3cc2931c]
                     </div>
                     <div>
                        <b>Parameters: </b>
                        
                        Ch
                        
                        ,
                        
                        Windows
                        
                        ,
                        
                        public void e2eTest.SkipTheTest.SKIP_This_Test()
                        
                        
                     </div>
                     <div>
                        <b>Start time: </b>11:41:46
                     </div>
                     <div>
                        <b>End time: </b>11:41:53
                     </div>
                     <div>
                        <b>Duration: </b>7s
                        
                     </div>
                  </div>
               </td>
            </tr>
            <tr></tr>
            <tr id="e2eTest.SkipTheTest_SKIP_This_Test_byClass_SKIP2_row"
                class="testMethodStatusSKIP">
               <td width="100%" class="firstMethodCell">
                  <a onclick="toggleDetailsVisibility('e2eTest.SkipTheTest_SKIP_This_Test_byClass_SKIP2_details')">SKIP_This_Test()</a>
               </td>
               <td nowrap="true">11:41:53</td>
               <td nowrap="true" align="right">1 ms
                  
               </td>
               <td nowrap="true">
                  <a onclick="toggleDetailsVisibility('e2eTest.SkipTheTest_SKIP_This_Test_byClass_SKIP2_exception')">org.testng.SkipException: 
                     Skipping because this test is no longer needed!!
                     
                  </a>
                   
                  
               </td>
            </tr>
            <tr>
               <td colspan="4" class="detailsBox">
                  <div id="e2eTest.SkipTheTest_SKIP_This_Test_byClass_SKIP2_details"
                       class="testMethodDetails">
                     <div>
                        <b>Name: </b>SKIP_This_Test
                     </div>
                     <div>
                        <b>Signature: </b>SKIP_This_Test()[pri:0, instance:e2eTest.SkipTheTest@3cc2931c]
                     </div>
                     <div>
                        <b>Start time: </b>11:41:53
                     </div>
                     <div>
                        <b>End time: </b>11:41:53
                     </div>
                     <div>
                        <b>Duration: </b>1 ms
                        
                     </div>
                  </div>
               </td>
            </tr>
            <tr>
               <td colspan="4" class="detailsBox">
                  <div id="e2eTest.SkipTheTest_SKIP_This_Test_byClass_SKIP2_exception"
                       class="testMethodDetails">
                     <pre style="padding: 5px; margin: 0;">org.testng.SkipException: Skipping because this test is no longer needed!!
                        	at e2eTest.SkipTheTest.SKIP_This_Test(SkipTheTest.java:17)
                        	at sun.reflect.NativeMethodAccessorImpl.invoke0(Native Method)
                        	at sun.reflect.NativeMethodAccessorImpl.invoke(NativeMethodAccessorImpl.java:62)
                        	at sun.reflect.DelegatingMethodAccessorImpl.invoke(DelegatingMethodAccessorImpl.java:43)
                        	at java.lang.reflect.Method.invoke(Method.java:498)
                        	at org.testng.internal.MethodInvocationHelper.invokeMethod(MethodInvocationHelper.java:86)
                        	at org.testng.internal.Invoker.invokeMethod(Invoker.java:643)
                        	at org.testng.internal.Invoker.invokeTestMethod(Invoker.java:820)
                        	at org.testng.internal.Invoker.invokeTestMethods(Invoker.java:1128)
                        	at org.testng.internal.TestMethodWorker.invokeTestMethods(TestMethodWorker.java:129)
                        	at org.testng.internal.TestMethodWorker.run(TestMethodWorker.java:112)
                        	at org.testng.TestRunner.privateRun(TestRunner.java:782)
                        	at org.testng.TestRunner.run(TestRunner.java:632)
                        	at org.testng.SuiteRunner.runTest(SuiteRunner.java:366)
                        	at org.testng.SuiteRunner.runSequentially(SuiteRunner.java:361)
                        	at org.testng.SuiteRunner.privateRun(SuiteRunner.java:319)
                        	at org.testng.SuiteRunner.run(SuiteRunner.java:268)
                        	at org.testng.SuiteRunnerWorker.runSuite(SuiteRunnerWorker.java:52)
                        	at org.testng.SuiteRunnerWorker.run(SuiteRunnerWorker.java:86)
                        	at org.testng.TestNG.runSuitesSequentially(TestNG.java:1244)
                        	at org.testng.TestNG.runSuitesLocally(TestNG.java:1169)
                        	at org.testng.TestNG.run(TestNG.java:1064)
                        	at org.testng.TestNG.privateMain(TestNG.java:1385)
                        	at org.testng.TestNG.main(TestNG.java:1354)
                     </pre>
                  </div>
               </td>
            </tr>
            <tr id="e2eTest.SkipTheTest_closeBrowser_byClass_PASS3_row"
                class="testMethodStatusPASS testMethodStatusCONF">
               <td width="100%" class="firstMethodCell">
                  <a onclick="toggleDetailsVisibility('e2eTest.SkipTheTest_closeBrowser_byClass_PASS3_details')">closeBrowser(public void e2eTest.SkipTheTest.SKIP_This_Test())</a>
               </td>
               <td nowrap="true">11:41:53</td>
               <td nowrap="true" align="right">2s
                  
               </td>
               <td nowrap="true">
                   
                  
               </td>
            </tr>
            <tr>
               <td colspan="4" class="detailsBox">
                  <div id="e2eTest.SkipTheTest_closeBrowser_byClass_PASS3_details"
                       class="testMethodDetails">
                     <div>
                        <b>Name: </b>closeBrowser
                     </div>
                     <div>
                        <b>Signature: </b>closeBrowser(java.lang.reflect.Method)[pri:0, instance:e2eTest.SkipTheTest@3cc2931c]
                     </div>
                     <div>
                        <b>Parameters: </b>
                        
                        public void e2eTest.SkipTheTest.SKIP_This_Test()
                        
                        
                     </div>
                     <div>
                        <b>Start time: </b>11:41:53
                     </div>
                     <div>
                        <b>End time: </b>11:41:55
                     </div>
                     <div>
                        <b>Duration: </b>2s
                        
                     </div>
                  </div>
               </td>
            </tr>
            <tr></tr>
         </table>
         <br></br>
         <table class="testMethodsTable" cellpadding="0" cellspacing="0">
            <tr>
               <td colspan="4">
                  <h3 style="display: inline;">e2eTest.TitleTest_PASS</h3>
               </td>
            </tr>
            <tr class="methodsTableHeader">
               <td width="100%">Name</td>
               <td nowrap="true">Started</td>
               <td nowrap="true">Duration</td>
               <td>Exception</td>
            </tr>
            <tr id="e2eTest.TitleTest_PASS_setUp_byClass_PASS1_row"
                class="testMethodStatusPASS testMethodStatusCONF">
               <td width="100%" class="firstMethodCell">
                  <a onclick="toggleDetailsVisibility('e2eTest.TitleTest_PASS_setUp_byClass_PASS1_details')">setUp(Ch
                     
                     ,
                     
                     Windows
                     
                     ,
                     
                     public void e2eTest.TitleTest_PASS.This_title_Test())
                  </a>
               </td>
               <td nowrap="true">11:41:55</td>
               <td nowrap="true" align="right">7s
                  
               </td>
               <td nowrap="true">
                   
                  
               </td>
            </tr>
            <tr>
               <td colspan="4" class="detailsBox">
                  <div id="e2eTest.TitleTest_PASS_setUp_byClass_PASS1_details"
                       class="testMethodDetails">
                     <div>
                        <b>Name: </b>setUp
                     </div>
                     <div>
                        <b>Signature: </b>setUp(java.lang.String, java.lang.String, java.lang.reflect.Method)[pri:0, instance:e2eTest.TitleTest_PASS@20d28811]
                     </div>
                     <div>
                        <b>Parameters: </b>
                        
                        Ch
                        
                        ,
                        
                        Windows
                        
                        ,
                        
                        public void e2eTest.TitleTest_PASS.This_title_Test()
                        
                        
                     </div>
                     <div>
                        <b>Start time: </b>11:41:55
                     </div>
                     <div>
                        <b>End time: </b>11:42:02
                     </div>
                     <div>
                        <b>Duration: </b>7s
                        
                     </div>
                  </div>
               </td>
            </tr>
            <tr></tr>
            <tr id="e2eTest.TitleTest_PASS_This_title_Test_byClass_PASS2_row"
                class="testMethodStatusPASS">
               <td width="100%" class="firstMethodCell">
                  <a onclick="toggleDetailsVisibility('e2eTest.TitleTest_PASS_This_title_Test_byClass_PASS2_details')">This_title_Test()</a>
               </td>
               <td nowrap="true">11:42:02</td>
               <td nowrap="true" align="right">17 ms
                  
               </td>
               <td nowrap="true">
                   
                  
               </td>
            </tr>
            <tr>
               <td colspan="4" class="detailsBox">
                  <div id="e2eTest.TitleTest_PASS_This_title_Test_byClass_PASS2_details"
                       class="testMethodDetails">
                     <div>
                        <b>Name: </b>This_title_Test
                     </div>
                     <div>
                        <b>Signature: </b>This_title_Test()[pri:0, instance:e2eTest.TitleTest_PASS@20d28811]
                     </div>
                     <div>
                        <b>Start time: </b>11:42:02
                     </div>
                     <div>
                        <b>End time: </b>11:42:02
                     </div>
                     <div>
                        <b>Duration: </b>17 ms
                        
                     </div>
                  </div>
               </td>
            </tr>
            <tr></tr>
            <tr id="e2eTest.TitleTest_PASS_closeBrowser_byClass_PASS3_row"
                class="testMethodStatusPASS testMethodStatusCONF">
               <td width="100%" class="firstMethodCell">
                  <a onclick="toggleDetailsVisibility('e2eTest.TitleTest_PASS_closeBrowser_byClass_PASS3_details')">closeBrowser(public void e2eTest.TitleTest_PASS.This_title_Test())</a>
               </td>
               <td nowrap="true">11:42:02</td>
               <td nowrap="true" align="right">2s
                  
               </td>
               <td nowrap="true">
                   
                  
               </td>
            </tr>
            <tr>
               <td colspan="4" class="detailsBox">
                  <div id="e2eTest.TitleTest_PASS_closeBrowser_byClass_PASS3_details"
                       class="testMethodDetails">
                     <div>
                        <b>Name: </b>closeBrowser
                     </div>
                     <div>
                        <b>Signature: </b>closeBrowser(java.lang.reflect.Method)[pri:0, instance:e2eTest.TitleTest_PASS@20d28811]
                     </div>
                     <div>
                        <b>Parameters: </b>
                        
                        public void e2eTest.TitleTest_PASS.This_title_Test()
                        
                        
                     </div>
                     <div>
                        <b>Start time: </b>11:42:02
                     </div>
                     <div>
                        <b>End time: </b>11:42:04
                     </div>
                     <div>
                        <b>Duration: </b>2s
                        
                     </div>
                  </div>
               </td>
            </tr>
            <tr></tr>
         </table>
         <br></br>
      </div>
      <div style="margin-top: 15px; color: gray; text-align: center; font-size: 9px;">
         Generated with
         
         <a href="http://code.google.com/p/testng-xslt/" style="color: #8888aa;"
            target="_blank">
            TestNG XSLT
            
         </a>
      </div>
   </body>
</html>