<?xml version="1.0" encoding="UTF-8"?>
<!-- Generated by org.testng.reporters.JUnitXMLReporter -->
<testsuite hostname="IR-C02PW2DWG8WP" name="Chrome Browser test on Windows" tests="4" failures="1" timestamp="16 Jan 2018 16:55:44 GMT" time="38.432" errors="0">
  <testcase name="FAIL_The_Test" time="0.935" classname="e2eTest.FailTheTest">
    <failure type="java.lang.AssertionError" message="expected [facebook] but found [Facebook - Log In or Sign Up]">
      <![CDATA[java.lang.AssertionError: expected [facebook] but found [Facebook - Log In or Sign Up]
	at e2eTest.FailTheTest.FAIL_The_Test(FailTheTest.java:30)
... Removed 29 stack frames]]>
    </failure>
  </testcase> <!-- FAIL_The_Test -->
  <testcase name="PASS_The_Test" time="1.422" classname="e2eTest.PassTheTest"/>
  <testcase name="SKIP_This_Test" time="0.001" classname="e2eTest.SkipTheTest">
    <skipped/>
  </testcase> <!-- SKIP_This_Test -->
  <testcase name="This_title_Test" time="0.018" classname="e2eTest.TitleTest_PASS"/>
</testsuite> <!-- Chrome Browser test on Windows -->
