<?xml version="1.0" encoding="UTF-8"?>
<testng-results skipped="1" failed="1" total="4" passed="2">
  <reporter-output>
  </reporter-output>
  <suite name="testNG Framework" duration-ms="38432" started-at="2018-01-16T16:55:06Z" finished-at="2018-01-16T16:55:44Z">
    <groups>
    </groups>
    <test name="Chrome Browser test on Windows" duration-ms="38432" started-at="2018-01-16T16:55:06Z" finished-at="2018-01-16T16:55:44Z">
      <class name="e2eTest.TitleTest_PASS">
        <test-method status="PASS" signature="setUp(java.lang.String, java.lang.String, java.lang.reflect.Method)[pri:0, instance:e2eTest.TitleTest_PASS@42d3bd8b]" name="setUp" is-config="true" duration-ms="6938" started-at="2018-01-16T11:55:35Z" finished-at="2018-01-16T11:55:42Z">
          <params>
            <param index="0">
              <value>
                <![CDATA[Ch]]>
              </value>
            </param>
            <param index="1">
              <value>
                <![CDATA[Windows]]>
              </value>
            </param>
            <param index="2">
              <value>
                <![CDATA[public void e2eTest.TitleTest_PASS.This_title_Test()]]>
              </value>
            </param>
          </params>
          <reporter-output>
          </reporter-output>
        </test-method> <!-- setUp -->
        <test-method status="PASS" signature="This_title_Test()[pri:0, instance:e2eTest.TitleTest_PASS@42d3bd8b]" name="This_title_Test" duration-ms="18" started-at="2018-01-16T11:55:42Z" finished-at="2018-01-16T11:55:42Z">
          <reporter-output>
          </reporter-output>
        </test-method> <!-- This_title_Test -->
        <test-method status="PASS" signature="closeBrowser(java.lang.reflect.Method)[pri:0, instance:e2eTest.TitleTest_PASS@42d3bd8b]" name="closeBrowser" is-config="true" duration-ms="2253" started-at="2018-01-16T11:55:42Z" finished-at="2018-01-16T11:55:44Z">
          <params>
            <param index="0">
              <value>
                <![CDATA[public void e2eTest.TitleTest_PASS.This_title_Test()]]>
              </value>
            </param>
          </params>
          <reporter-output>
          </reporter-output>
        </test-method> <!-- closeBrowser -->
      </class> <!-- e2eTest.TitleTest_PASS -->
      <class name="e2eTest.FailTheTest">
        <test-method status="PASS" signature="suiteStart()[pri:0, instance:e2eTest.FailTheTest@2ed94a8b]" name="suiteStart" is-config="true" duration-ms="18" started-at="2018-01-16T11:55:06Z" finished-at="2018-01-16T11:55:06Z">
          <reporter-output>
          </reporter-output>
        </test-method> <!-- suiteStart -->
        <test-method status="PASS" signature="setUp(java.lang.String, java.lang.String, java.lang.reflect.Method)[pri:0, instance:e2eTest.FailTheTest@2ed94a8b]" name="setUp" is-config="true" duration-ms="7104" started-at="2018-01-16T11:55:06Z" finished-at="2018-01-16T11:55:13Z">
          <params>
            <param index="0">
              <value>
                <![CDATA[Ch]]>
              </value>
            </param>
            <param index="1">
              <value>
                <![CDATA[Windows]]>
              </value>
            </param>
            <param index="2">
              <value>
                <![CDATA[public void e2eTest.FailTheTest.FAIL_The_Test()]]>
              </value>
            </param>
          </params>
          <reporter-output>
          </reporter-output>
        </test-method> <!-- setUp -->
        <test-method status="FAIL" signature="FAIL_The_Test()[pri:0, instance:e2eTest.FailTheTest@2ed94a8b]" name="FAIL_The_Test" duration-ms="935" started-at="2018-01-16T11:55:13Z" finished-at="2018-01-16T11:55:14Z">
          <exception class="java.lang.AssertionError">
            <message>
              <![CDATA[expected [facebook] but found [Facebook - Log In or Sign Up]]]>
            </message>
            <full-stacktrace>
              <![CDATA[java.lang.AssertionError: expected [facebook] but found [Facebook - Log In or Sign Up]
	at org.testng.Assert.fail(Assert.java:94)
	at org.testng.Assert.failNotEquals(Assert.java:513)
	at org.testng.Assert.assertEqualsImpl(Assert.java:135)
	at org.testng.Assert.assertEquals(Assert.java:116)
	at org.testng.Assert.assertEquals(Assert.java:190)
	at org.testng.Assert.assertEquals(Assert.java:200)
	at e2eTest.FailTheTest.FAIL_The_Test(FailTheTest.java:30)
	at sun.reflect.NativeMethodAccessorImpl.invoke0(Native Method)
	at sun.reflect.NativeMethodAccessorImpl.invoke(NativeMethodAccessorImpl.java:62)
	at sun.reflect.DelegatingMethodAccessorImpl.invoke(DelegatingMethodAccessorImpl.java:43)
	at java.lang.reflect.Method.invoke(Method.java:498)
	at org.testng.internal.MethodInvocationHelper.invokeMethod(MethodInvocationHelper.java:86)
	at org.testng.internal.Invoker.invokeMethod(Invoker.java:643)
	at org.testng.internal.Invoker.invokeTestMethod(Invoker.java:820)
	at org.testng.internal.Invoker.invokeTestMethods(Invoker.java:1128)
	at org.testng.internal.TestMethodWorker.invokeTestMethods(TestMethodWorker.java:129)
	at org.testng.internal.TestMethodWorker.run(TestMethodWorker.java:112)
	at org.testng.TestRunner.privateRun(TestRunner.java:782)
	at org.testng.TestRunner.run(TestRunner.java:632)
	at org.testng.SuiteRunner.runTest(SuiteRunner.java:366)
	at org.testng.SuiteRunner.runSequentially(SuiteRunner.java:361)
	at org.testng.SuiteRunner.privateRun(SuiteRunner.java:319)
	at org.testng.SuiteRunner.run(SuiteRunner.java:268)
	at org.testng.SuiteRunnerWorker.runSuite(SuiteRunnerWorker.java:52)
	at org.testng.SuiteRunnerWorker.run(SuiteRunnerWorker.java:86)
	at org.testng.TestNG.runSuitesSequentially(TestNG.java:1244)
	at org.testng.TestNG.runSuitesLocally(TestNG.java:1169)
	at org.testng.TestNG.run(TestNG.java:1064)
	at org.testng.TestNG.privateMain(TestNG.java:1385)
	at org.testng.TestNG.main(TestNG.java:1354)
]]>
            </full-stacktrace>
          </exception> <!-- java.lang.AssertionError -->
          <reporter-output>
          </reporter-output>
        </test-method> <!-- FAIL_The_Test -->
        <test-method status="PASS" signature="closeBrowser(java.lang.reflect.Method)[pri:0, instance:e2eTest.FailTheTest@2ed94a8b]" name="closeBrowser" is-config="true" duration-ms="2223" started-at="2018-01-16T11:55:14Z" finished-at="2018-01-16T11:55:16Z">
          <params>
            <param index="0">
              <value>
                <![CDATA[public void e2eTest.FailTheTest.FAIL_The_Test()]]>
              </value>
            </param>
          </params>
          <reporter-output>
          </reporter-output>
        </test-method> <!-- closeBrowser -->
        <test-method status="PASS" signature="tearDown()[pri:0, instance:e2eTest.FailTheTest@2ed94a8b]" name="tearDown" is-config="true" duration-ms="548" started-at="2018-01-16T11:55:44Z" finished-at="2018-01-16T11:55:45Z">
          <reporter-output>
          </reporter-output>
        </test-method> <!-- tearDown -->
      </class> <!-- e2eTest.FailTheTest -->
      <class name="e2eTest.SkipTheTest">
        <test-method status="PASS" signature="setUp(java.lang.String, java.lang.String, java.lang.reflect.Method)[pri:0, instance:e2eTest.SkipTheTest@dfd3711]" name="setUp" is-config="true" duration-ms="6858" started-at="2018-01-16T11:55:26Z" finished-at="2018-01-16T11:55:33Z">
          <params>
            <param index="0">
              <value>
                <![CDATA[Ch]]>
              </value>
            </param>
            <param index="1">
              <value>
                <![CDATA[Windows]]>
              </value>
            </param>
            <param index="2">
              <value>
                <![CDATA[public void e2eTest.SkipTheTest.SKIP_This_Test()]]>
              </value>
            </param>
          </params>
          <reporter-output>
          </reporter-output>
        </test-method> <!-- setUp -->
        <test-method status="SKIP" signature="SKIP_This_Test()[pri:0, instance:e2eTest.SkipTheTest@dfd3711]" name="SKIP_This_Test" duration-ms="1" started-at="2018-01-16T11:55:33Z" finished-at="2018-01-16T11:55:33Z">
          <exception class="org.testng.SkipException">
            <message>
              <![CDATA[Skipping because this test is no longer needed!!]]>
            </message>
            <full-stacktrace>
              <![CDATA[org.testng.SkipException: Skipping because this test is no longer needed!!
	at e2eTest.SkipTheTest.SKIP_This_Test(SkipTheTest.java:17)
	at sun.reflect.NativeMethodAccessorImpl.invoke0(Native Method)
	at sun.reflect.NativeMethodAccessorImpl.invoke(NativeMethodAccessorImpl.java:62)
	at sun.reflect.DelegatingMethodAccessorImpl.invoke(DelegatingMethodAccessorImpl.java:43)
	at java.lang.reflect.Method.invoke(Method.java:498)
	at org.testng.internal.MethodInvocationHelper.invokeMethod(MethodInvocationHelper.java:86)
	at org.testng.internal.Invoker.invokeMethod(Invoker.java:643)
	at org.testng.internal.Invoker.invokeTestMethod(Invoker.java:820)
	at org.testng.internal.Invoker.invokeTestMethods(Invoker.java:1128)
	at org.testng.internal.TestMethodWorker.invokeTestMethods(TestMethodWorker.java:129)
	at org.testng.internal.TestMethodWorker.run(TestMethodWorker.java:112)
	at org.testng.TestRunner.privateRun(TestRunner.java:782)
	at org.testng.TestRunner.run(TestRunner.java:632)
	at org.testng.SuiteRunner.runTest(SuiteRunner.java:366)
	at org.testng.SuiteRunner.runSequentially(SuiteRunner.java:361)
	at org.testng.SuiteRunner.privateRun(SuiteRunner.java:319)
	at org.testng.SuiteRunner.run(SuiteRunner.java:268)
	at org.testng.SuiteRunnerWorker.runSuite(SuiteRunnerWorker.java:52)
	at org.testng.SuiteRunnerWorker.run(SuiteRunnerWorker.java:86)
	at org.testng.TestNG.runSuitesSequentially(TestNG.java:1244)
	at org.testng.TestNG.runSuitesLocally(TestNG.java:1169)
	at org.testng.TestNG.run(TestNG.java:1064)
	at org.testng.TestNG.privateMain(TestNG.java:1385)
	at org.testng.TestNG.main(TestNG.java:1354)
]]>
            </full-stacktrace>
          </exception> <!-- org.testng.SkipException -->
          <reporter-output>
          </reporter-output>
        </test-method> <!-- SKIP_This_Test -->
        <test-method status="PASS" signature="closeBrowser(java.lang.reflect.Method)[pri:0, instance:e2eTest.SkipTheTest@dfd3711]" name="closeBrowser" is-config="true" duration-ms="2244" started-at="2018-01-16T11:55:33Z" finished-at="2018-01-16T11:55:35Z">
          <params>
            <param index="0">
              <value>
                <![CDATA[public void e2eTest.SkipTheTest.SKIP_This_Test()]]>
              </value>
            </param>
          </params>
          <reporter-output>
          </reporter-output>
        </test-method> <!-- closeBrowser -->
      </class> <!-- e2eTest.SkipTheTest -->
      <class name="e2eTest.PassTheTest">
        <test-method status="PASS" signature="setUp(java.lang.String, java.lang.String, java.lang.reflect.Method)[pri:0, instance:e2eTest.PassTheTest@38082d64]" name="setUp" is-config="true" duration-ms="6098" started-at="2018-01-16T11:55:16Z" finished-at="2018-01-16T11:55:22Z">
          <params>
            <param index="0">
              <value>
                <![CDATA[Ch]]>
              </value>
            </param>
            <param index="1">
              <value>
                <![CDATA[Windows]]>
              </value>
            </param>
            <param index="2">
              <value>
                <![CDATA[public void e2eTest.PassTheTest.PASS_The_Test()]]>
              </value>
            </param>
          </params>
          <reporter-output>
          </reporter-output>
        </test-method> <!-- setUp -->
        <test-method status="PASS" signature="PASS_The_Test()[pri:0, instance:e2eTest.PassTheTest@38082d64]" name="PASS_The_Test" duration-ms="1422" started-at="2018-01-16T11:55:22Z" finished-at="2018-01-16T11:55:24Z">
          <reporter-output>
          </reporter-output>
        </test-method> <!-- PASS_The_Test -->
        <test-method status="PASS" signature="closeBrowser(java.lang.reflect.Method)[pri:0, instance:e2eTest.PassTheTest@38082d64]" name="closeBrowser" is-config="true" duration-ms="2328" started-at="2018-01-16T11:55:24Z" finished-at="2018-01-16T11:55:26Z">
          <params>
            <param index="0">
              <value>
                <![CDATA[public void e2eTest.PassTheTest.PASS_The_Test()]]>
              </value>
            </param>
          </params>
          <reporter-output>
          </reporter-output>
        </test-method> <!-- closeBrowser -->
      </class> <!-- e2eTest.PassTheTest -->
    </test> <!-- Chrome Browser test on Windows -->
  </suite> <!-- testNG Framework -->
</testng-results>
